<?xml version="1.0" encoding="UTF-8"?>
<testng-results ignored="0" total="33" passed="33" failed="0" skipped="0">
  <reporter-output>
  </reporter-output>
  <suite started-at="2022-10-02T22:34:28 WIB" name="Default suite" finished-at="2022-10-02T22:41:59 WIB" duration-ms="451540">
    <groups>
      <group name="cucumber">
        <method signature="AbstractTestNGCucumberTests.runScenario(io.cucumber.testng.PickleWrapper,io.cucumber.testng.FeatureWrapper)[pri:0, instance:com.sqa.psikotes.framework.runner.TestRunner@196a42c3]" name="runScenario" class="io.cucumber.testng.AbstractTestNGCucumberTests"/>
      </group> <!-- cucumber -->
    </groups>
    <test started-at="2022-10-02T22:34:28 WIB" name="Default test" finished-at="2022-10-02T22:41:59 WIB" duration-ms="451540">
      <class name="com.sqa.psikotes.framework.runner.TestRunner">
        <test-method is-config="true" signature="setUpClass(org.testng.ITestContext)[pri:0, instance:com.sqa.psikotes.framework.runner.TestRunner@196a42c3]" started-at="2022-10-02T22:34:28 WIB" name="setUpClass" finished-at="2022-10-02T22:34:29 WIB" duration-ms="1385" status="PASS">
          <params>
            <param index="0">
              <value>
                <![CDATA[org.testng.TestRunner@5d50e7f6]]>
              </value>
            </param>
          </params>
          <reporter-output>
          </reporter-output>
        </test-method> <!-- setUpClass -->
        <test-method signature="runScenario(io.cucumber.testng.PickleWrapper,io.cucumber.testng.FeatureWrapper)[pri:0, instance:com.sqa.psikotes.framework.runner.TestRunner@196a42c3]" started-at="2022-10-02T22:34:29 WIB" name="runScenario" description="Runs Cucumber Scenarios" data-provider="scenarios" finished-at="2022-10-02T22:34:44 WIB" duration-ms="14550" status="PASS">
          <params>
            <param index="0">
              <value>
                <![CDATA["TSDU001001 Admin ingin membuka halaman data Admin"]]>
              </value>
            </param>
            <param index="1">
              <value>
                <![CDATA["TSDU001 Membuka halaman Data Users"]]>
              </value>
            </param>
          </params>
          <reporter-output>
          </reporter-output>
        </test-method> <!-- runScenario -->
        <test-method signature="runScenario(io.cucumber.testng.PickleWrapper,io.cucumber.testng.FeatureWrapper)[pri:0, instance:com.sqa.psikotes.framework.runner.TestRunner@196a42c3]" started-at="2022-10-02T22:34:44 WIB" name="runScenario" description="Runs Cucumber Scenarios" data-provider="scenarios" finished-at="2022-10-02T22:34:55 WIB" duration-ms="11450" status="PASS">
          <params>
            <param index="0">
              <value>
                <![CDATA["TSDU002001 Admin ingin mencari data yang ada berdasarkan name menggunakan tombol search"]]>
              </value>
            </param>
            <param index="1">
              <value>
                <![CDATA["TSDU002 Admin mencari data"]]>
              </value>
            </param>
          </params>
          <reporter-output>
          </reporter-output>
        </test-method> <!-- runScenario -->
        <test-method signature="runScenario(io.cucumber.testng.PickleWrapper,io.cucumber.testng.FeatureWrapper)[pri:0, instance:com.sqa.psikotes.framework.runner.TestRunner@196a42c3]" started-at="2022-10-02T22:34:55 WIB" name="runScenario" description="Runs Cucumber Scenarios" data-provider="scenarios" finished-at="2022-10-02T22:35:07 WIB" duration-ms="11406" status="PASS">
          <params>
            <param index="0">
              <value>
                <![CDATA["TSDU002001 Admin ingin mencari data yang ada berdasarkan name menggunakan tombol search"]]>
              </value>
            </param>
            <param index="1">
              <value>
                <![CDATA["TSDU002 Admin mencari data"]]>
              </value>
            </param>
          </params>
          <reporter-output>
          </reporter-output>
        </test-method> <!-- runScenario -->
        <test-method signature="runScenario(io.cucumber.testng.PickleWrapper,io.cucumber.testng.FeatureWrapper)[pri:0, instance:com.sqa.psikotes.framework.runner.TestRunner@196a42c3]" started-at="2022-10-02T22:35:07 WIB" name="runScenario" description="Runs Cucumber Scenarios" data-provider="scenarios" finished-at="2022-10-02T22:35:18 WIB" duration-ms="11303" status="PASS">
          <params>
            <param index="0">
              <value>
                <![CDATA["TSDU002001 Admin ingin mencari data yang ada berdasarkan name menggunakan tombol search"]]>
              </value>
            </param>
            <param index="1">
              <value>
                <![CDATA["TSDU002 Admin mencari data"]]>
              </value>
            </param>
          </params>
          <reporter-output>
          </reporter-output>
        </test-method> <!-- runScenario -->
        <test-method signature="runScenario(io.cucumber.testng.PickleWrapper,io.cucumber.testng.FeatureWrapper)[pri:0, instance:com.sqa.psikotes.framework.runner.TestRunner@196a42c3]" started-at="2022-10-02T22:35:18 WIB" name="runScenario" description="Runs Cucumber Scenarios" data-provider="scenarios" finished-at="2022-10-02T22:35:29 WIB" duration-ms="11342" status="PASS">
          <params>
            <param index="0">
              <value>
                <![CDATA["TSDU002002 Admin ingin mencari data yang ada berdasarkan name menggunakan tombol berwarna hijau"]]>
              </value>
            </param>
            <param index="1">
              <value>
                <![CDATA["TSDU002 Admin mencari data"]]>
              </value>
            </param>
          </params>
          <reporter-output>
          </reporter-output>
        </test-method> <!-- runScenario -->
        <test-method signature="runScenario(io.cucumber.testng.PickleWrapper,io.cucumber.testng.FeatureWrapper)[pri:0, instance:com.sqa.psikotes.framework.runner.TestRunner@196a42c3]" started-at="2022-10-02T22:35:29 WIB" name="runScenario" description="Runs Cucumber Scenarios" data-provider="scenarios" finished-at="2022-10-02T22:35:40 WIB" duration-ms="11261" status="PASS">
          <params>
            <param index="0">
              <value>
                <![CDATA["TSDU002002 Admin ingin mencari data yang ada berdasarkan name menggunakan tombol berwarna hijau"]]>
              </value>
            </param>
            <param index="1">
              <value>
                <![CDATA["TSDU002 Admin mencari data"]]>
              </value>
            </param>
          </params>
          <reporter-output>
          </reporter-output>
        </test-method> <!-- runScenario -->
        <test-method signature="runScenario(io.cucumber.testng.PickleWrapper,io.cucumber.testng.FeatureWrapper)[pri:0, instance:com.sqa.psikotes.framework.runner.TestRunner@196a42c3]" started-at="2022-10-02T22:35:40 WIB" name="runScenario" description="Runs Cucumber Scenarios" data-provider="scenarios" finished-at="2022-10-02T22:35:52 WIB" duration-ms="11262" status="PASS">
          <params>
            <param index="0">
              <value>
                <![CDATA["TSDU002002 Admin ingin mencari data yang ada berdasarkan name menggunakan tombol berwarna hijau"]]>
              </value>
            </param>
            <param index="1">
              <value>
                <![CDATA["TSDU002 Admin mencari data"]]>
              </value>
            </param>
          </params>
          <reporter-output>
          </reporter-output>
        </test-method> <!-- runScenario -->
        <test-method signature="runScenario(io.cucumber.testng.PickleWrapper,io.cucumber.testng.FeatureWrapper)[pri:0, instance:com.sqa.psikotes.framework.runner.TestRunner@196a42c3]" started-at="2022-10-02T22:35:52 WIB" name="runScenario" description="Runs Cucumber Scenarios" data-provider="scenarios" finished-at="2022-10-02T22:36:01 WIB" duration-ms="9287" status="PASS">
          <params>
            <param index="0">
              <value>
                <![CDATA["TSDU002003 Admin ingin mencari data yang ada berdasarkan name menggunakan enter pada keyboard"]]>
              </value>
            </param>
            <param index="1">
              <value>
                <![CDATA["TSDU002 Admin mencari data"]]>
              </value>
            </param>
          </params>
          <reporter-output>
          </reporter-output>
        </test-method> <!-- runScenario -->
        <test-method signature="runScenario(io.cucumber.testng.PickleWrapper,io.cucumber.testng.FeatureWrapper)[pri:0, instance:com.sqa.psikotes.framework.runner.TestRunner@196a42c3]" started-at="2022-10-02T22:36:01 WIB" name="runScenario" description="Runs Cucumber Scenarios" data-provider="scenarios" finished-at="2022-10-02T22:36:10 WIB" duration-ms="9205" status="PASS">
          <params>
            <param index="0">
              <value>
                <![CDATA["TSDU002003 Admin ingin mencari data yang ada berdasarkan name menggunakan enter pada keyboard"]]>
              </value>
            </param>
            <param index="1">
              <value>
                <![CDATA["TSDU002 Admin mencari data"]]>
              </value>
            </param>
          </params>
          <reporter-output>
          </reporter-output>
        </test-method> <!-- runScenario -->
        <test-method signature="runScenario(io.cucumber.testng.PickleWrapper,io.cucumber.testng.FeatureWrapper)[pri:0, instance:com.sqa.psikotes.framework.runner.TestRunner@196a42c3]" started-at="2022-10-02T22:36:10 WIB" name="runScenario" description="Runs Cucumber Scenarios" data-provider="scenarios" finished-at="2022-10-02T22:36:19 WIB" duration-ms="9225" status="PASS">
          <params>
            <param index="0">
              <value>
                <![CDATA["TSDU002003 Admin ingin mencari data yang ada berdasarkan name menggunakan enter pada keyboard"]]>
              </value>
            </param>
            <param index="1">
              <value>
                <![CDATA["TSDU002 Admin mencari data"]]>
              </value>
            </param>
          </params>
          <reporter-output>
          </reporter-output>
        </test-method> <!-- runScenario -->
        <test-method signature="runScenario(io.cucumber.testng.PickleWrapper,io.cucumber.testng.FeatureWrapper)[pri:0, instance:com.sqa.psikotes.framework.runner.TestRunner@196a42c3]" started-at="2022-10-02T22:36:19 WIB" name="runScenario" description="Runs Cucumber Scenarios" data-provider="scenarios" finished-at="2022-10-02T22:36:29 WIB" duration-ms="9189" status="PASS">
          <params>
            <param index="0">
              <value>
                <![CDATA["TSDU003001 Admin ingin menampilkan semua data NON ACTIVE Admins"]]>
              </value>
            </param>
            <param index="1">
              <value>
                <![CDATA["TSDU003 Menampilkan user non active"]]>
              </value>
            </param>
          </params>
          <reporter-output>
          </reporter-output>
        </test-method> <!-- runScenario -->
        <test-method signature="runScenario(io.cucumber.testng.PickleWrapper,io.cucumber.testng.FeatureWrapper)[pri:0, instance:com.sqa.psikotes.framework.runner.TestRunner@196a42c3]" started-at="2022-10-02T22:36:29 WIB" name="runScenario" description="Runs Cucumber Scenarios" data-provider="scenarios" finished-at="2022-10-02T22:36:42 WIB" duration-ms="13446" status="PASS">
          <params>
            <param index="0">
              <value>
                <![CDATA["TSDU004001 Admin ingin menampilkan beberapa data NON ACTIVE berdasarkan name dan email menggunakan tombol search"]]>
              </value>
            </param>
            <param index="1">
              <value>
                <![CDATA["TSDU004 Mencari user non active"]]>
              </value>
            </param>
          </params>
          <reporter-output>
          </reporter-output>
        </test-method> <!-- runScenario -->
        <test-method signature="runScenario(io.cucumber.testng.PickleWrapper,io.cucumber.testng.FeatureWrapper)[pri:0, instance:com.sqa.psikotes.framework.runner.TestRunner@196a42c3]" started-at="2022-10-02T22:36:42 WIB" name="runScenario" description="Runs Cucumber Scenarios" data-provider="scenarios" finished-at="2022-10-02T22:36:56 WIB" duration-ms="13580" status="PASS">
          <params>
            <param index="0">
              <value>
                <![CDATA["TSDU004001 Admin ingin menampilkan beberapa data NON ACTIVE berdasarkan name dan email menggunakan tombol search"]]>
              </value>
            </param>
            <param index="1">
              <value>
                <![CDATA["TSDU004 Mencari user non active"]]>
              </value>
            </param>
          </params>
          <reporter-output>
          </reporter-output>
        </test-method> <!-- runScenario -->
        <test-method signature="runScenario(io.cucumber.testng.PickleWrapper,io.cucumber.testng.FeatureWrapper)[pri:0, instance:com.sqa.psikotes.framework.runner.TestRunner@196a42c3]" started-at="2022-10-02T22:36:56 WIB" name="runScenario" description="Runs Cucumber Scenarios" data-provider="scenarios" finished-at="2022-10-02T22:37:09 WIB" duration-ms="13636" status="PASS">
          <params>
            <param index="0">
              <value>
                <![CDATA["TSDU004002 Admin ingin menampilkan beberapa data NON ACTIVE berdasarkan name dan email menggunakan berwarna hijau"]]>
              </value>
            </param>
            <param index="1">
              <value>
                <![CDATA["TSDU004 Mencari user non active"]]>
              </value>
            </param>
          </params>
          <reporter-output>
          </reporter-output>
        </test-method> <!-- runScenario -->
        <test-method signature="runScenario(io.cucumber.testng.PickleWrapper,io.cucumber.testng.FeatureWrapper)[pri:0, instance:com.sqa.psikotes.framework.runner.TestRunner@196a42c3]" started-at="2022-10-02T22:37:09 WIB" name="runScenario" description="Runs Cucumber Scenarios" data-provider="scenarios" finished-at="2022-10-02T22:37:23 WIB" duration-ms="13582" status="PASS">
          <params>
            <param index="0">
              <value>
                <![CDATA["TSDU004002 Admin ingin menampilkan beberapa data NON ACTIVE berdasarkan name dan email menggunakan berwarna hijau"]]>
              </value>
            </param>
            <param index="1">
              <value>
                <![CDATA["TSDU004 Mencari user non active"]]>
              </value>
            </param>
          </params>
          <reporter-output>
          </reporter-output>
        </test-method> <!-- runScenario -->
        <test-method signature="runScenario(io.cucumber.testng.PickleWrapper,io.cucumber.testng.FeatureWrapper)[pri:0, instance:com.sqa.psikotes.framework.runner.TestRunner@196a42c3]" started-at="2022-10-02T22:37:23 WIB" name="runScenario" description="Runs Cucumber Scenarios" data-provider="scenarios" finished-at="2022-10-02T22:37:35 WIB" duration-ms="11620" status="PASS">
          <params>
            <param index="0">
              <value>
                <![CDATA["TSDU004003 Admin ingin menampilkan beberapa data NON ACTIVE berdasarkan name dan email menggunakan enter pada keyboard"]]>
              </value>
            </param>
            <param index="1">
              <value>
                <![CDATA["TSDU004 Mencari user non active"]]>
              </value>
            </param>
          </params>
          <reporter-output>
          </reporter-output>
        </test-method> <!-- runScenario -->
        <test-method signature="runScenario(io.cucumber.testng.PickleWrapper,io.cucumber.testng.FeatureWrapper)[pri:0, instance:com.sqa.psikotes.framework.runner.TestRunner@196a42c3]" started-at="2022-10-02T22:37:35 WIB" name="runScenario" description="Runs Cucumber Scenarios" data-provider="scenarios" finished-at="2022-10-02T22:37:46 WIB" duration-ms="11587" status="PASS">
          <params>
            <param index="0">
              <value>
                <![CDATA["TSDU004003 Admin ingin menampilkan beberapa data NON ACTIVE berdasarkan name dan email menggunakan enter pada keyboard"]]>
              </value>
            </param>
            <param index="1">
              <value>
                <![CDATA["TSDU004 Mencari user non active"]]>
              </value>
            </param>
          </params>
          <reporter-output>
          </reporter-output>
        </test-method> <!-- runScenario -->
        <test-method signature="runScenario(io.cucumber.testng.PickleWrapper,io.cucumber.testng.FeatureWrapper)[pri:0, instance:com.sqa.psikotes.framework.runner.TestRunner@196a42c3]" started-at="2022-10-02T22:37:46 WIB" name="runScenario" description="Runs Cucumber Scenarios" data-provider="scenarios" finished-at="2022-10-02T22:37:56 WIB" duration-ms="9506" status="PASS">
          <params>
            <param index="0">
              <value>
                <![CDATA["TSDU005001 Admin ingin menampilkan semua data ACTIVE Users"]]>
              </value>
            </param>
            <param index="1">
              <value>
                <![CDATA["TSDU005 Menampilkan user active"]]>
              </value>
            </param>
          </params>
          <reporter-output>
          </reporter-output>
        </test-method> <!-- runScenario -->
        <test-method signature="runScenario(io.cucumber.testng.PickleWrapper,io.cucumber.testng.FeatureWrapper)[pri:0, instance:com.sqa.psikotes.framework.runner.TestRunner@196a42c3]" started-at="2022-10-02T22:37:56 WIB" name="runScenario" description="Runs Cucumber Scenarios" data-provider="scenarios" finished-at="2022-10-02T22:38:09 WIB" duration-ms="13727" status="PASS">
          <params>
            <param index="0">
              <value>
                <![CDATA["TSDU006001 Admin ingin menampilkan beberapa data ACTIVE berdasarkan name dan email menggunakan tombol search"]]>
              </value>
            </param>
            <param index="1">
              <value>
                <![CDATA["TSDU006 Mencari user active"]]>
              </value>
            </param>
          </params>
          <reporter-output>
          </reporter-output>
        </test-method> <!-- runScenario -->
        <test-method signature="runScenario(io.cucumber.testng.PickleWrapper,io.cucumber.testng.FeatureWrapper)[pri:0, instance:com.sqa.psikotes.framework.runner.TestRunner@196a42c3]" started-at="2022-10-02T22:38:09 WIB" name="runScenario" description="Runs Cucumber Scenarios" data-provider="scenarios" finished-at="2022-10-02T22:38:23 WIB" duration-ms="13991" status="PASS">
          <params>
            <param index="0">
              <value>
                <![CDATA["TSDU006001 Admin ingin menampilkan beberapa data ACTIVE berdasarkan name dan email menggunakan tombol search"]]>
              </value>
            </param>
            <param index="1">
              <value>
                <![CDATA["TSDU006 Mencari user active"]]>
              </value>
            </param>
          </params>
          <reporter-output>
          </reporter-output>
        </test-method> <!-- runScenario -->
        <test-method signature="runScenario(io.cucumber.testng.PickleWrapper,io.cucumber.testng.FeatureWrapper)[pri:0, instance:com.sqa.psikotes.framework.runner.TestRunner@196a42c3]" started-at="2022-10-02T22:38:23 WIB" name="runScenario" description="Runs Cucumber Scenarios" data-provider="scenarios" finished-at="2022-10-02T22:38:37 WIB" duration-ms="13900" status="PASS">
          <params>
            <param index="0">
              <value>
                <![CDATA["TSDU006002 Admin ingin menampilkan beberapa data ACTIVE berdasarkan name dan email menggunakan berwarna hijau"]]>
              </value>
            </param>
            <param index="1">
              <value>
                <![CDATA["TSDU006 Mencari user active"]]>
              </value>
            </param>
          </params>
          <reporter-output>
          </reporter-output>
        </test-method> <!-- runScenario -->
        <test-method signature="runScenario(io.cucumber.testng.PickleWrapper,io.cucumber.testng.FeatureWrapper)[pri:0, instance:com.sqa.psikotes.framework.runner.TestRunner@196a42c3]" started-at="2022-10-02T22:38:37 WIB" name="runScenario" description="Runs Cucumber Scenarios" data-provider="scenarios" finished-at="2022-10-02T22:38:51 WIB" duration-ms="13421" status="PASS">
          <params>
            <param index="0">
              <value>
                <![CDATA["TSDU006002 Admin ingin menampilkan beberapa data ACTIVE berdasarkan name dan email menggunakan berwarna hijau"]]>
              </value>
            </param>
            <param index="1">
              <value>
                <![CDATA["TSDU006 Mencari user active"]]>
              </value>
            </param>
          </params>
          <reporter-output>
          </reporter-output>
        </test-method> <!-- runScenario -->
        <test-method signature="runScenario(io.cucumber.testng.PickleWrapper,io.cucumber.testng.FeatureWrapper)[pri:0, instance:com.sqa.psikotes.framework.runner.TestRunner@196a42c3]" started-at="2022-10-02T22:38:51 WIB" name="runScenario" description="Runs Cucumber Scenarios" data-provider="scenarios" finished-at="2022-10-02T22:39:04 WIB" duration-ms="13685" status="PASS">
          <params>
            <param index="0">
              <value>
                <![CDATA["TSDU006003 Admin ingin menampilkan beberapa data ACTIVE berdasarkan name dan email menggunakan enter pada keyboard"]]>
              </value>
            </param>
            <param index="1">
              <value>
                <![CDATA["TSDU006 Mencari user active"]]>
              </value>
            </param>
          </params>
          <reporter-output>
          </reporter-output>
        </test-method> <!-- runScenario -->
        <test-method signature="runScenario(io.cucumber.testng.PickleWrapper,io.cucumber.testng.FeatureWrapper)[pri:0, instance:com.sqa.psikotes.framework.runner.TestRunner@196a42c3]" started-at="2022-10-02T22:39:04 WIB" name="runScenario" description="Runs Cucumber Scenarios" data-provider="scenarios" finished-at="2022-10-02T22:39:18 WIB" duration-ms="13981" status="PASS">
          <params>
            <param index="0">
              <value>
                <![CDATA["TSDU006003 Admin ingin menampilkan beberapa data ACTIVE berdasarkan name dan email menggunakan enter pada keyboard"]]>
              </value>
            </param>
            <param index="1">
              <value>
                <![CDATA["TSDU006 Mencari user active"]]>
              </value>
            </param>
          </params>
          <reporter-output>
          </reporter-output>
        </test-method> <!-- runScenario -->
        <test-method signature="runScenario(io.cucumber.testng.PickleWrapper,io.cucumber.testng.FeatureWrapper)[pri:0, instance:com.sqa.psikotes.framework.runner.TestRunner@196a42c3]" started-at="2022-10-02T22:39:18 WIB" name="runScenario" description="Runs Cucumber Scenarios" data-provider="scenarios" finished-at="2022-10-02T22:39:30 WIB" duration-ms="11727" status="PASS">
          <params>
            <param index="0">
              <value>
                <![CDATA["TSDU007001 Admin ingin melihat detail salah satu Data Users"]]>
              </value>
            </param>
            <param index="1">
              <value>
                <![CDATA["TSDU007 Melihat detail user"]]>
              </value>
            </param>
          </params>
          <reporter-output>
          </reporter-output>
        </test-method> <!-- runScenario -->
        <test-method signature="runScenario(io.cucumber.testng.PickleWrapper,io.cucumber.testng.FeatureWrapper)[pri:0, instance:com.sqa.psikotes.framework.runner.TestRunner@196a42c3]" started-at="2022-10-02T22:39:30 WIB" name="runScenario" description="Runs Cucumber Scenarios" data-provider="scenarios" finished-at="2022-10-02T22:39:43 WIB" duration-ms="13393" status="PASS">
          <params>
            <param index="0">
              <value>
                <![CDATA["TSDU008001 Admin klik  icon edit"]]>
              </value>
            </param>
            <param index="1">
              <value>
                <![CDATA["TSDU008 Edit user"]]>
              </value>
            </param>
          </params>
          <reporter-output>
          </reporter-output>
        </test-method> <!-- runScenario -->
        <test-method signature="runScenario(io.cucumber.testng.PickleWrapper,io.cucumber.testng.FeatureWrapper)[pri:0, instance:com.sqa.psikotes.framework.runner.TestRunner@196a42c3]" started-at="2022-10-02T22:39:43 WIB" name="runScenario" description="Runs Cucumber Scenarios" data-provider="scenarios" finished-at="2022-10-02T22:40:01 WIB" duration-ms="17761" status="PASS">
          <params>
            <param index="0">
              <value>
                <![CDATA["TSDU008002 Admin edit status User dari NON ACTIVE menjadi ACTIVE dan cek validasi dari pop up"]]>
              </value>
            </param>
            <param index="1">
              <value>
                <![CDATA["TSDU008 Edit user"]]>
              </value>
            </param>
          </params>
          <reporter-output>
          </reporter-output>
        </test-method> <!-- runScenario -->
        <test-method signature="runScenario(io.cucumber.testng.PickleWrapper,io.cucumber.testng.FeatureWrapper)[pri:0, instance:com.sqa.psikotes.framework.runner.TestRunner@196a42c3]" started-at="2022-10-02T22:40:01 WIB" name="runScenario" description="Runs Cucumber Scenarios" data-provider="scenarios" finished-at="2022-10-02T22:40:20 WIB" duration-ms="19106" status="PASS">
          <params>
            <param index="0">
              <value>
                <![CDATA["TSDU008004 Admin edit kategori dengan mencentang kategori STAFF di status Admin NON ACTIVE"]]>
              </value>
            </param>
            <param index="1">
              <value>
                <![CDATA["TSDU008 Edit user"]]>
              </value>
            </param>
          </params>
          <reporter-output>
          </reporter-output>
        </test-method> <!-- runScenario -->
        <test-method signature="runScenario(io.cucumber.testng.PickleWrapper,io.cucumber.testng.FeatureWrapper)[pri:0, instance:com.sqa.psikotes.framework.runner.TestRunner@196a42c3]" started-at="2022-10-02T22:40:20 WIB" name="runScenario" description="Runs Cucumber Scenarios" data-provider="scenarios" finished-at="2022-10-02T22:40:39 WIB" duration-ms="19124" status="PASS">
          <params>
            <param index="0">
              <value>
                <![CDATA["TSDU008005 Admin edit kategori dengan mencentang kategori LEADER di status Admin NON ACTIVE"]]>
              </value>
            </param>
            <param index="1">
              <value>
                <![CDATA["TSDU008 Edit user"]]>
              </value>
            </param>
          </params>
          <reporter-output>
          </reporter-output>
        </test-method> <!-- runScenario -->
        <test-method signature="runScenario(io.cucumber.testng.PickleWrapper,io.cucumber.testng.FeatureWrapper)[pri:0, instance:com.sqa.psikotes.framework.runner.TestRunner@196a42c3]" started-at="2022-10-02T22:40:39 WIB" name="runScenario" description="Runs Cucumber Scenarios" data-provider="scenarios" finished-at="2022-10-02T22:40:59 WIB" duration-ms="20048" status="PASS">
          <params>
            <param index="0">
              <value>
                <![CDATA["TSDU008006 Admin edit kategori dengan mencentang kategori LEADER di status Admin NON ACTIVE"]]>
              </value>
            </param>
            <param index="1">
              <value>
                <![CDATA["TSDU008 Edit user"]]>
              </value>
            </param>
          </params>
          <reporter-output>
          </reporter-output>
        </test-method> <!-- runScenario -->
        <test-method signature="runScenario(io.cucumber.testng.PickleWrapper,io.cucumber.testng.FeatureWrapper)[pri:0, instance:com.sqa.psikotes.framework.runner.TestRunner@196a42c3]" started-at="2022-10-02T22:40:59 WIB" name="runScenario" description="Runs Cucumber Scenarios" data-provider="scenarios" finished-at="2022-10-02T22:41:19 WIB" duration-ms="19507" status="PASS">
          <params>
            <param index="0">
              <value>
                <![CDATA["TSDU008007 Admin edit kategori dengan menghilangkan centang kategori STAFF di status Admin NON ACTIVE"]]>
              </value>
            </param>
            <param index="1">
              <value>
                <![CDATA["TSDU008 Edit user"]]>
              </value>
            </param>
          </params>
          <reporter-output>
          </reporter-output>
        </test-method> <!-- runScenario -->
        <test-method signature="runScenario(io.cucumber.testng.PickleWrapper,io.cucumber.testng.FeatureWrapper)[pri:0, instance:com.sqa.psikotes.framework.runner.TestRunner@196a42c3]" started-at="2022-10-02T22:41:19 WIB" name="runScenario" description="Runs Cucumber Scenarios" data-provider="scenarios" finished-at="2022-10-02T22:41:38 WIB" duration-ms="18973" status="PASS">
          <params>
            <param index="0">
              <value>
                <![CDATA["TSDU008008 Admin edit kategori dengan menghilangkan centang kategori LEADER di status Admin NON ACTIVE"]]>
              </value>
            </param>
            <param index="1">
              <value>
                <![CDATA["TSDU008 Edit user"]]>
              </value>
            </param>
          </params>
          <reporter-output>
          </reporter-output>
        </test-method> <!-- runScenario -->
        <test-method signature="runScenario(io.cucumber.testng.PickleWrapper,io.cucumber.testng.FeatureWrapper)[pri:0, instance:com.sqa.psikotes.framework.runner.TestRunner@196a42c3]" started-at="2022-10-02T22:41:38 WIB" name="runScenario" description="Runs Cucumber Scenarios" data-provider="scenarios" finished-at="2022-10-02T22:41:58 WIB" duration-ms="20306" status="PASS">
          <params>
            <param index="0">
              <value>
                <![CDATA["TSDU008009 Admin edit kategori dengan menghilangkan centang kategori STAFF dan LEADER di status Admin NON ACTIVE"]]>
              </value>
            </param>
            <param index="1">
              <value>
                <![CDATA["TSDU008 Edit user"]]>
              </value>
            </param>
          </params>
          <reporter-output>
          </reporter-output>
        </test-method> <!-- runScenario -->
        <test-method is-config="true" signature="tearDownClass()[pri:0, instance:com.sqa.psikotes.framework.runner.TestRunner@196a42c3]" started-at="2022-10-02T22:41:58 WIB" name="tearDownClass" finished-at="2022-10-02T22:41:59 WIB" duration-ms="908" status="PASS">
          <reporter-output>
          </reporter-output>
        </test-method> <!-- tearDownClass -->
      </class> <!-- com.sqa.psikotes.framework.runner.TestRunner -->
    </test> <!-- Default test -->
  </suite> <!-- Default suite -->
</testng-results>
